#options: 960x540 fps=30000/1001 timebase=1001/30000 bitdepth=8 cabac=1 ref=1 deblock=1:0:0 analyse=0x1:0 me=dia subme=2 psy=1 psy_rd=1.00:0.00 mixed_ref=0 me_range=16 chroma_me=1 trellis=0 8x8dct=0 cqm=0 deadzone=21,11 fast_pskip=1 chroma_qp_offset=0 threads=12 lookahead_threads=4 sliced_threads=0 nr=0 decimate=1 interlaced=0 bluray_compat=0 constrained_intra=0 bframes=3 b_pyramid=2 b_adapt=1 b_bias=0 direct=1 weightb=1 open_gop=0 weightp=2 keyint=250 keyint_min=25 scenecut=40 intra_refresh=0 rc_lookahead=40 rc=abr mbtree=1 bitrate=1000 ratetol=1.0 qcomp=0.60 qpmin=0 qpmax=69 qpstep=4 ip_ratio=1.41 aq=1:1.00
in:0 out:0 type:I dur:2 cpbdur:2 q:33.50 aq:27.42 tex:99947 mv:36823 misc:166 imb:2040 pmb:0 smb:0 d:- ref:;
in:4 out:1 type:P dur:2 cpbdur:2 q:34.24 aq:27.37 tex:3837 mv:2449 misc:1394 imb:44 pmb:366 smb:1630 d:- ref:0 ;
in:2 out:2 type:B dur:2 cpbdur:2 q:34.24 aq:28.20 tex:141 mv:644 misc:575 imb:0 pmb:91 smb:1949 d:- ref:0 ;
in:1 out:3 type:b dur:2 cpbdur:2 q:34.24 aq:28.05 tex:90 mv:116 misc:290 imb:1 pmb:20 smb:2019 d:- ref:0 ;
in:3 out:4 type:b dur:2 cpbdur:2 q:34.24 aq:25.32 tex:114 mv:244 misc:282 imb:2 pmb:21 smb:2017 d:- ref:0 ;
in:8 out:5 type:P dur:2 cpbdur:2 q:34.07 aq:27.30 tex:5188 mv:3335 misc:1525 imb:34 pmb:488 smb:1518 d:- ref:0 ;
in:6 out:6 type:B dur:2 cpbdur:2 q:34.15 aq:28.92 tex:249 mv:804 misc:651 imb:8 pmb:86 smb:1946 d:- ref:0 ;
in:5 out:7 type:b dur:2 cpbdur:2 q:34.20 aq:26.98 tex:155 mv:275 misc:346 imb:5 pmb:29 smb:2006 d:- ref:0 ;
in:7 out:8 type:b dur:2 cpbdur:2 q:34.11 aq:27.03 tex:154 mv:40 misc:230 imb:1 pmb:10 smb:2029 d:- ref:0 ;
in:12 out:9 type:P dur:2 cpbdur:2 q:33.86 aq:27.16 tex:11455 mv:4445 misc:1516 imb:55 pmb:575 smb:1410 d:- ref:0 ;
in:10 out:10 type:B dur:2 cpbdur:2 q:33.96 aq:29.71 tex:494 mv:1893 misc:1061 imb:7 pmb:220 smb:1813 d:- ref:0 ;
in:9 out:11 type:b dur:2 cpbdur:2 q:34.02 aq:28.84 tex:105 mv:162 misc:293 imb:1 pmb:20 smb:2019 d:- ref:0 ;
in:11 out:12 type:b dur:2 cpbdur:2 q:33.91 aq:28.08 tex:153 mv:638 misc:585 imb:5 pmb:79 smb:1956 d:- ref:0 ;
in:16 out:13 type:P dur:2 cpbdur:2 q:37.86 aq:29.36 tex:2427 mv:3364 misc:1257 imb:38 pmb:358 smb:1644 d:- ref:0 ;
in:14 out:14 type:B dur:2 cpbdur:2 q:35.86 aq:31.59 tex:404 mv:1429 misc:783 imb:0 pmb:147 smb:1893 d:- ref:0 ;
in:13 out:15 type:b dur:2 cpbdur:2 q:34.86 aq:30.47 tex:234 mv:481 misc:477 imb:2 pmb:57 smb:1981 d:- ref:0 ;
in:15 out:16 type:b dur:2 cpbdur:2 q:36.86 aq:31.99 tex:38 mv:280 misc:314 imb:1 pmb:25 smb:2014 d:- ref:0 ;
in:20 out:17 type:P dur:2 cpbdur:2 q:30.82 aq:25.14 tex:47219 mv:10156 misc:1537 imb:275 pmb:1071 smb:694 d:- ref:0 ;
in:18 out:18 type:B dur:2 cpbdur:2 q:34.34 aq:30.16 tex:577 mv:2540 misc:1099 imb:7 pmb:250 smb:1783 d:- ref:0 ;
in:17 out:19 type:b dur:2 cpbdur:2 q:36.10 aq:32.07 tex:75 mv:623 misc:478 imb:1 pmb:68 smb:1971 d:- ref:0 ;
in:19 out:20 type:b dur:2 cpbdur:2 q:32.58 aq:27.09 tex:633 mv:1417 misc:846 imb:7 pmb:153 smb:1880 d:- ref:0 ;
in:24 out:21 type:P dur:2 cpbdur:2 q:27.16 aq:21.64 tex:102578 mv:11890 misc:1108 imb:321 pmb:1400 smb:319 d:- ref:0 ;
in:22 out:22 type:B dur:2 cpbdur:2 q:28.99 aq:24.16 tex:6934 mv:4624 misc:1882 imb:26 pmb:652 smb:1362 d:- ref:0 ;
in:21 out:23 type:b dur:2 cpbdur:2 q:29.91 aq:25.29 tex:1831 mv:1904 misc:1241 imb:15 pmb:260 smb:1765 d:- ref:0 ;
in:23 out:24 type:b dur:2 cpbdur:2 q:28.08 aq:23.12 tex:3612 mv:3034 misc:1642 imb:44 pmb:416 smb:1580 d:- ref:0 ;
in:28 out:25 type:P dur:2 cpbdur:2 q:24.73 aq:19.24 tex:138728 mv:12854 misc:818 imb:292 pmb:1531 smb:217 d:- ref:0 ;
in:26 out:26 type:B dur:2 cpbdur:2 q:25.95 aq:21.79 tex:22939 mv:8184 misc:1957 imb:70 pmb:1086 smb:884 d:- ref:0 ;
in:25 out:27 type:b dur:2 cpbdur:2 q:26.55 aq:22.30 tex:7063 mv:5046 misc:1963 imb:44 pmb:746 smb:1250 d:- ref:0 ;
in:27 out:28 type:b dur:2 cpbdur:2 q:25.34 aq:21.28 tex:11960 mv:5723 misc:1957 imb:72 pmb:790 smb:1178 d:- ref:0 ;
in:32 out:29 type:P dur:2 cpbdur:2 q:24.35 aq:18.76 tex:136832 mv:12980 misc:692 imb:338 pmb:1525 smb:177 d:- ref:0 ;
in:30 out:30 type:B dur:2 cpbdur:2 q:24.54 aq:21.04 tex:47445 mv:10123 misc:1664 imb:97 pmb:1398 smb:545 d:- ref:0 ;
in:29 out:31 type:b dur:2 cpbdur:2 q:24.63 aq:20.70 tex:20978 mv:8017 misc:1965 imb:111 pmb:1025 smb:904 d:- ref:0 ;
in:31 out:32 type:b dur:2 cpbdur:2 q:24.44 aq:19.86 tex:15674 mv:7503 misc:1863 imb:129 pmb:820 smb:1091 d:- ref:0 ;
in:36 out:33 type:P dur:2 cpbdur:2 q:24.97 aq:19.24 tex:107012 mv:11466 misc:914 imb:350 pmb:1431 smb:259 d:- ref:0 ;
in:34 out:34 type:B dur:2 cpbdur:2 q:24.66 aq:20.33 tex:30531 mv:9913 misc:1836 imb:118 pmb:1246 smb:676 d:- ref:0 ;
in:33 out:35 type:b dur:2 cpbdur:2 q:24.51 aq:20.15 tex:15315 mv:6925 misc:1912 imb:95 pmb:919 smb:1026 d:- ref:0 ;
in:35 out:36 type:b dur:2 cpbdur:2 q:24.82 aq:20.29 tex:13360 mv:5335 misc:1833 imb:96 pmb:695 smb:1249 d:- ref:0 ;
in:40 out:37 type:P dur:2 cpbdur:2 q:25.78 aq:20.39 tex:79143 mv:11328 misc:1185 imb:340 pmb:1327 smb:373 d:- ref:0 ;
in:38 out:38 type:B dur:2 cpbdur:2 q:25.38 aq:21.19 tex:25326 mv:10296 misc:1898 imb:119 pmb:1197 smb:724 d:- ref:0 ;
in:37 out:39 type:b dur:2 cpbdur:2 q:25.17 aq:21.04 tex:13756 mv:7595 misc:2017 imb:80 pmb:904 smb:1056 d:- ref:0 ;
in:39 out:40 type:b dur:2 cpbdur:2 q:25.58 aq:21.23 tex:11577 mv:5817 misc:1878 imb:89 pmb:757 smb:1194 d:- ref:0 ;
in:44 out:41 type:P dur:2 cpbdur:2 q:26.56 aq:20.78 tex:78110 mv:12461 misc:1085 imb:472 pmb:1237 smb:331 d:- ref:0 ;
in:42 out:42 type:B dur:2 cpbdur:2 q:26.17 aq:21.68 tex:16192 mv:8318 misc:2034 imb:90 pmb:970 smb:980 d:- ref:0 ;
in:41 out:43 type:b dur:2 cpbdur:2 q:25.98 aq:21.77 tex:9143 mv:4849 misc:1920 imb:61 pmb:683 smb:1296 d:- ref:0 ;
in:43 out:44 type:b dur:2 cpbdur:2 q:26.37 aq:21.55 tex:6962 mv:4453 misc:1857 imb:55 pmb:595 smb:1390 d:- ref:0 ;
in:48 out:45 type:P dur:2 cpbdur:2 q:27.23 aq:21.10 tex:58488 mv:11218 misc:1326 imb:461 pmb:1224 smb:355 d:- ref:0 w:7,127,-1 ;
in:46 out:46 type:B dur:2 cpbdur:2 q:26.89 aq:22.40 tex:14676 mv:9480 misc:2020 imb:138 pmb:986 smb:916 d:- ref:0 ;
in:45 out:47 type:b dur:2 cpbdur:2 q:26.73 aq:22.04 tex:5887 mv:3614 misc:1811 imb:47 pmb:529 smb:1464 d:- ref:0 ;
in:47 out:48 type:b dur:2 cpbdur:2 q:27.06 aq:22.21 tex:8002 mv:7339 misc:2035 imb:133 pmb:786 smb:1121 d:- ref:0 ;
in:52 out:49 type:P dur:2 cpbdur:2 q:27.32 aq:21.83 tex:57880 mv:10149 misc:1499 imb:316 pmb:1174 smb:550 d:- ref:0 ;
in:50 out:50 type:B dur:2 cpbdur:2 q:27.27 aq:22.49 tex:10984 mv:6965 misc:2011 imb:75 pmb:865 smb:1100 d:- ref:0 ;
in:49 out:51 type:b dur:2 cpbdur:2 q:27.25 aq:22.34 tex:5283 mv:3710 misc:1687 imb:40 pmb:494 smb:1506 d:- ref:0 ;
in:51 out:52 type:b dur:2 cpbdur:2 q:27.29 aq:22.14 tex:4654 mv:2798 misc:1644 imb:45 pmb:448 smb:1547 d:- ref:0 ;
in:56 out:53 type:P dur:2 cpbdur:2 q:27.38 aq:21.54 tex:61066 mv:10752 misc:1542 imb:303 pmb:1168 smb:569 d:- ref:0 ;
in:54 out:54 type:B dur:2 cpbdur:2 q:27.35 aq:22.65 tex:10881 mv:7198 misc:2001 imb:73 pmb:800 smb:1167 d:- ref:0 ;
in:53 out:55 type:b dur:2 cpbdur:2 q:27.33 aq:22.33 tex:5132 mv:4312 misc:1820 imb:47 pmb:558 smb:1435 d:- ref:0 ;
in:55 out:56 type:b dur:2 cpbdur:2 q:27.37 aq:22.67 tex:5725 mv:4369 misc:1794 imb:39 pmb:526 smb:1475 d:- ref:0 ;
in:60 out:57 type:P dur:2 cpbdur:2 q:27.20 aq:21.61 tex:79192 mv:10124 misc:1380 imb:302 pmb:1262 smb:476 d:- ref:0 ;
in:58 out:58 type:B dur:2 cpbdur:2 q:27.29 aq:22.45 tex:11159 mv:6078 misc:1971 imb:58 pmb:803 smb:1179 d:- ref:0 ;
in:57 out:59 type:b dur:2 cpbdur:2 q:27.34 aq:22.27 tex:4482 mv:3131 misc:1643 imb:38 pmb:451 smb:1551 d:- ref:0 ;
in:59 out:60 type:b dur:2 cpbdur:2 q:27.25 aq:22.47 tex:5413 mv:2786 misc:1665 imb:38 pmb:488 smb:1514 d:- ref:0 ;
in:64 out:61 type:P dur:2 cpbdur:2 q:27.10 aq:21.30 tex:65234 mv:9536 misc:1502 imb:279 pmb:1226 smb:535 d:- ref:0 ;
in:62 out:62 type:B dur:2 cpbdur:2 q:27.15 aq:21.90 tex:8327 mv:5937 misc:2048 imb:76 pmb:740 smb:1224 d:- ref:0 ;
in:61 out:63 type:b dur:2 cpbdur:2 q:27.18 aq:22.61 tex:4439 mv:3136 misc:1609 imb:43 pmb:446 smb:1551 d:- ref:0 ;
in:63 out:64 type:b dur:2 cpbdur:2 q:27.13 aq:22.36 tex:5285 mv:3149 misc:1750 imb:54 pmb:474 smb:1512 d:- ref:0 ;
in:68 out:65 type:P dur:2 cpbdur:2 q:26.93 aq:21.01 tex:59791 mv:8375 misc:1554 imb:259 pmb:1185 smb:596 d:- ref:0 ;
in:66 out:66 type:B dur:2 cpbdur:2 q:27.02 aq:21.91 tex:7731 mv:4967 misc:1958 imb:64 pmb:688 smb:1288 d:- ref:0 ;
in:65 out:67 type:b dur:2 cpbdur:2 q:27.06 aq:22.12 tex:4163 mv:2106 misc:1515 imb:30 pmb:389 smb:1621 d:- ref:0 ;
in:67 out:68 type:b dur:2 cpbdur:2 q:26.97 aq:22.19 tex:4589 mv:2727 misc:1620 imb:48 pmb:438 smb:1554 d:- ref:0 ;
in:72 out:69 type:P dur:2 cpbdur:2 q:26.90 aq:21.40 tex:71347 mv:11533 misc:1336 imb:333 pmb:1280 smb:427 d:- ref:0 ;
in:70 out:70 type:B dur:2 cpbdur:2 q:26.91 aq:21.95 tex:10189 mv:6921 misc:2010 imb:65 pmb:856 smb:1119 d:- ref:0 ;
in:69 out:71 type:b dur:2 cpbdur:2 q:26.92 aq:22.29 tex:4951 mv:3306 misc:1703 imb:38 pmb:495 smb:1507 d:- ref:0 ;
in:71 out:72 type:b dur:2 cpbdur:2 q:26.91 aq:22.34 tex:6064 mv:4451 misc:1861 imb:51 pmb:583 smb:1406 d:- ref:0 ;
in:76 out:73 type:P dur:2 cpbdur:2 q:26.78 aq:21.34 tex:76568 mv:10151 misc:1449 imb:285 pmb:1258 smb:497 d:- ref:0 ;
in:74 out:74 type:B dur:2 cpbdur:2 q:26.84 aq:22.11 tex:11585 mv:7036 misc:1955 imb:42 pmb:917 smb:1081 d:- ref:0 ;
in:73 out:75 type:b dur:2 cpbdur:2 q:26.87 aq:22.22 tex:7003 mv:5419 misc:1906 imb:54 pmb:705 smb:1281 d:- ref:0 ;
in:75 out:76 type:b dur:2 cpbdur:2 q:26.81 aq:21.97 tex:5931 mv:4778 misc:1803 imb:42 pmb:657 smb:1341 d:- ref:0 ;
in:80 out:77 type:P dur:2 cpbdur:2 q:26.62 aq:21.24 tex:53758 mv:9318 misc:1532 imb:258 pmb:1255 smb:527 d:- ref:0 ;
in:78 out:78 type:B dur:2 cpbdur:2 q:26.70 aq:21.74 tex:10547 mv:6060 misc:2057 imb:55 pmb:848 smb:1137 d:- ref:0 ;
in:77 out:79 type:b dur:2 cpbdur:2 q:26.74 aq:21.77 tex:5439 mv:2138 misc:1599 imb:24 pmb:447 smb:1569 d:- ref:0 ;
in:79 out:80 type:b dur:2 cpbdur:2 q:26.66 aq:21.96 tex:5879 mv:3624 misc:1817 imb:42 pmb:548 smb:1450 d:- ref:0 ;
in:84 out:81 type:P dur:2 cpbdur:2 q:26.47 aq:21.22 tex:67337 mv:10877 misc:1474 imb:314 pmb:1246 smb:480 d:- ref:0 ;
in:82 out:82 type:B dur:2 cpbdur:2 q:26.55 aq:22.08 tex:14952 mv:7880 misc:2104 imb:76 pmb:906 smb:1058 d:- ref:0 ;
in:81 out:83 type:b dur:2 cpbdur:2 q:26.58 aq:21.88 tex:6478 mv:4963 misc:1903 imb:59 pmb:633 smb:1348 d:- ref:0 ;
in:83 out:84 type:b dur:2 cpbdur:2 q:26.51 aq:21.83 tex:5975 mv:4153 misc:1736 imb:38 pmb:554 smb:1448 d:- ref:0 ;
in:88 out:85 type:P dur:2 cpbdur:2 q:26.46 aq:21.54 tex:47239 mv:8539 misc:1622 imb:252 pmb:1167 smb:621 d:- ref:0 ;
in:86 out:86 type:B dur:2 cpbdur:2 q:26.47 aq:21.97 tex:12963 mv:5791 misc:2046 imb:77 pmb:817 smb:1146 d:- ref:0 ;
in:85 out:87 type:b dur:2 cpbdur:2 q:26.47 aq:22.07 tex:6609 mv:4445 misc:1898 imb:60 pmb:626 smb:1354 d:- ref:0 ;
in:87 out:88 type:b dur:2 cpbdur:2 q:26.46 aq:21.53 tex:5560 mv:2263 misc:1601 imb:43 pmb:429 smb:1568 d:- ref:0 ;
in:92 out:89 type:P dur:2 cpbdur:2 q:26.32 aq:21.56 tex:41563 mv:9585 misc:1684 imb:312 pmb:1110 smb:618 d:- ref:0 ;
in:90 out:90 type:B dur:2 cpbdur:2 q:26.39 aq:21.98 tex:15375 mv:6708 misc:2069 imb:54 pmb:1009 smb:977 d:- ref:0 ;
in:89 out:91 type:b dur:2 cpbdur:2 q:26.43 aq:21.43 tex:5191 mv:2366 misc:1667 imb:41 pmb:432 smb:1567 d:- ref:0 ;
in:91 out:92 type:b dur:2 cpbdur:2 q:26.36 aq:22.14 tex:6053 mv:4058 misc:1721 imb:35 pmb:518 smb:1487 d:- ref:0 ;
in:96 out:93 type:P dur:2 cpbdur:2 q:26.20 aq:22.55 tex:79510 mv:12294 misc:1204 imb:447 pmb:1195 smb:398 d:- ref:0 ;
in:94 out:94 type:B dur:2 cpbdur:2 q:26.26 aq:21.97 tex:24926 mv:8472 misc:1946 imb:89 pmb:1158 smb:793 d:- ref:0 ;
in:93 out:95 type:b dur:2 cpbdur:2 q:26.29 aq:21.87 tex:7854 mv:4368 misc:1858 imb:36 pmb:644 smb:1360 d:- ref:0 ;
in:95 out:96 type:b dur:2 cpbdur:2 q:26.23 aq:22.67 tex:11500 mv:7597 misc:2095 imb:87 pmb:900 smb:1053 d:- ref:0 ;
in:98 out:97 type:P dur:2 cpbdur:2 q:26.07 aq:23.74 tex:45045 mv:10235 misc:1664 imb:322 pmb:1101 smb:617 d:- ref:0 ;
in:97 out:98 type:b dur:2 cpbdur:2 q:26.14 aq:23.41 tex:21151 mv:7916 misc:1973 imb:80 pmb:1086 smb:874 d:- ref:0 ;
